<?xml version="1.0" encoding="utf-8"?><testsuites name="pytest tests"><testsuite name="pytest" errors="0" failures="0" skipped="0" tests="22" time="13.525" timestamp="2026-06-18T12:46:22.962378+00:00" hostname="agent-env-6c25f496-f833-499e-931a-5cfdc18b18c8"><testcase classname="backend.tests.backend_test" name="test_health" time="0.242" /><testcase classname="backend.tests.backend_test" name="test_categories" time="0.042" /><testcase classname="backend.tests.backend_test" name="test_prayers_anonymous_locked" time="0.043" /><testcase classname="backend.tests.backend_test" name="test_prayers_non_donor_locked" time="0.311" /><testcase classname="backend.tests.backend_test" name="test_prayers_donor_unlocked" time="0.347" /><testcase classname="backend.tests.backend_test" name="test_register_returns_token_and_non_donor" time="0.000" /><testcase classname="backend.tests.backend_test" name="test_register_duplicate" time="0.049" /><testcase classname="backend.tests.backend_test" name="test_login_donor" time="0.265" /><testcase classname="backend.tests.backend_test" name="test_login_bad_credentials" time="0.262" /><testcase classname="backend.tests.backend_test" name="test_auth_me" time="0.083" /><testcase classname="backend.tests.backend_test" name="test_auth_me_no_token" time="0.041" /><testcase classname="backend.tests.backend_test" name="test_prayer_request_anonymous" time="0.043" /><testcase classname="backend.tests.backend_test" name="test_prayer_requests_mine_requires_auth" time="0.042" /><testcase classname="backend.tests.backend_test" name="test_prayer_requests_mine_with_auth" time="0.129" /><testcase classname="backend.tests.backend_test" name="test_ai_generate_requires_auth" time="0.042" /><testcase classname="backend.tests.backend_test" name="test_ai_generate_non_donor_forbidden" time="0.044" /><testcase classname="backend.tests.backend_test" name="test_ai_generate_donor_success" time="10.347" /><testcase classname="backend.tests.backend_test" name="test_ai_my_prayers" time="0.046" /><testcase classname="backend.tests.backend_test" name="test_donation_packages" time="0.047" /><testcase classname="backend.tests.backend_test" name="test_donation_checkout_and_status" time="0.812" /><testcase classname="backend.tests.backend_test" name="test_donation_checkout_invalid_package" time="0.118" /><testcase classname="backend.tests.backend_test" name="test_testimonies" time="0.081" /></testsuite></testsuites>